生成启动时间为 2016/6/6 18:02:56。
     1>项目“E:\学习资料\c and c++\typical source code\Sort\Sort\Sort.vcxproj”在节点 2 上(build 个目标)。
     1>InitializeBuildStatus:
         正在创建“Release\Sort.unsuccessfulbuild”，因为已指定“AlwaysCreate”。
       ClCompile:
         c:\Program Files (x86)\Microsoft Visual Studio 10.0\VC\bin\CL.exe /c /Zi /nologo /W3 /WX- /O2 /Oi /Oy- /GL /D _MBCS /Gm- /EHsc /MD /GS /Gy /fp:precise /Zc:wchar_t /Zc:forScope /Fo"Release\\" /Fd"Release\vc100.pdb" /Gd /TP /analyze- /errorReport:prompt test.cpp
         test.cpp
     1>test.cpp(105): warning C4244: “参数”: 从“time_t”转换到“unsigned int”，可能丢失数据
       Link:
         c:\Program Files (x86)\Microsoft Visual Studio 10.0\VC\bin\link.exe /ERRORREPORT:PROMPT /OUT:"E:\学习资料\c and c++\typical source code\Sort\Release\Sort.exe" /NOLOGO kernel32.lib user32.lib gdi32.lib winspool.lib comdlg32.lib advapi32.lib shell32.lib ole32.lib oleaut32.lib uuid.lib odbc32.lib odbccp32.lib /MANIFEST /ManifestFile:"Release\Sort.exe.intermediate.manifest" /MANIFESTUAC:"level='asInvoker' uiAccess='false'" /DEBUG /PDB:"E:\学习资料\c and c++\typical source code\Sort\Release\Sort.pdb" /OPT:REF /OPT:ICF /LTCG /TLBID:1 /DYNAMICBASE /NXCOMPAT /IMPLIB:"E:\学习资料\c and c++\typical source code\Sort\Release\Sort.lib" /MACHINE:X86 Release\test.obj
         正在生成代码
         已完成代码的生成
         Sort.vcxproj -> E:\学习资料\c and c++\typical source code\Sort\Release\Sort.exe
       Manifest:
         c:\Program Files (x86)\Microsoft SDKs\Windows\v7.0A\bin\mt.exe /nologo /verbose /outputresource:"E:\学习资料\c and c++\typical source code\Sort\Release\Sort.exe;#1" /manifest Release\Sort.exe.intermediate.manifest
       FinalizeBuildStatus:
         正在删除文件“Release\Sort.unsuccessfulbuild”。
         正在对“Release\Sort.lastbuildstate”执行 Touch 任务。
     1>已完成生成项目“E:\学习资料\c and c++\typical source code\Sort\Sort\Sort.vcxproj”(build 个目标)的操作。

生成成功。

已用时间 00:00:01.24
